<?xml version="1.0" encoding="UTF-8" ?>
<testsuite failures="0" time="0.249" errors="0" skipped="0" tests="3" name="org.skinnyelephant.framework.world.EntityManagerTest">
  <properties>
[...]
</properties>
  <testcase time="0.022" classname="org.skinnyelephant.framework.world.EntityManagerTest" name="testAddEntity"/>
  <testcase time="0.025" classname="org.skinnyelephant.framework.world.EntityManagerTest" name="testGetEntitiesForSystem"/>
  <testcase time="0.193" classname="org.skinnyelephant.framework.world.EntityManagerTest" name="testPerformance"/>
</testsuite>